<?xml version="1.0" encoding="UTF-8"?>
<coverage generated="1712053358573" clover="3.2.0">
  <project timestamp="1712053358573" name="All files">
    <metrics statements="54" coveredstatements="47" conditionals="12" coveredconditionals="8" methods="24" coveredmethods="17" elements="90" coveredelements="72" complexity="0" loc="54" ncloc="54" packages="3" files="10" classes="10"/>
    <package name="components">
      <metrics statements="39" coveredstatements="34" conditionals="12" coveredconditionals="8" methods="17" coveredmethods="14"/>
      <file name="Body.jsx" path="C:\POC\Namaste React\namaste_react\src\components\Body.jsx">
        <metrics statements="25" coveredstatements="21" conditionals="6" coveredconditionals="4" methods="9" coveredmethods="7"/>
        <line num="7" count="1" type="stmt"/>
        <line num="8" count="4" type="stmt"/>
        <line num="9" count="4" type="stmt"/>
        <line num="10" count="4" type="stmt"/>
        <line num="12" count="4" type="stmt"/>
        <line num="14" count="4" type="stmt"/>
        <line num="16" count="4" type="stmt"/>
        <line num="18" count="1" type="stmt"/>
        <line num="24" count="4" type="stmt"/>
        <line num="25" count="1" type="stmt"/>
        <line num="26" count="1" type="stmt"/>
        <line num="27" count="1" type="stmt"/>
        <line num="28" count="1" type="stmt"/>
        <line num="30" count="0" type="stmt"/>
        <line num="34" count="4" type="stmt"/>
        <line num="35" count="0" type="stmt"/>
        <line num="36" count="0" type="stmt"/>
        <line num="40" count="4" type="stmt"/>
        <line num="41" count="1" type="stmt"/>
        <line num="43" count="10" type="stmt"/>
        <line num="48" count="4" type="cond" truecount="1" falsecount="1"/>
        <line num="49" count="0" type="stmt"/>
        <line num="57" count="4" type="stmt"/>
        <line num="65" count="1" type="stmt"/>
        <line num="84" count="21" type="stmt"/>
      </file>
      <file name="Contact.jsx" path="C:\POC\Namaste React\namaste_react\src\components\Contact.jsx">
        <metrics statements="1" coveredstatements="1" conditionals="0" coveredconditionals="0" methods="1" coveredmethods="1"/>
        <line num="4" count="1" type="stmt"/>
      </file>
      <file name="Header.jsx" path="C:\POC\Namaste React\namaste_react\src\components\Header.jsx">
        <metrics statements="6" coveredstatements="6" conditionals="6" coveredconditionals="4" methods="3" coveredmethods="3"/>
        <line num="7" count="1" type="stmt"/>
        <line num="8" count="3" type="stmt"/>
        <line num="9" count="3" type="stmt"/>
        <line num="11" count="5" type="stmt"/>
        <line num="13" count="3" type="stmt"/>
        <line num="44" count="1" type="stmt"/>
      </file>
      <file name="RestaurantCard.jsx" path="C:\POC\Namaste React\namaste_react\src\components\RestaurantCard.jsx">
        <metrics statements="5" coveredstatements="5" conditionals="0" coveredconditionals="0" methods="3" coveredmethods="3"/>
        <line num="3" count="2" type="stmt"/>
        <line num="10" count="22" type="stmt"/>
        <line num="28" count="2" type="stmt"/>
        <line num="29" count="4" type="stmt"/>
        <line num="30" count="5" type="stmt"/>
      </file>
      <file name="Shimmer.js" path="C:\POC\Namaste React\namaste_react\src\components\Shimmer.js">
        <metrics statements="2" coveredstatements="1" conditionals="0" coveredconditionals="0" methods="1" coveredmethods="0"/>
        <line num="3" count="1" type="stmt"/>
        <line num="4" count="0" type="stmt"/>
      </file>
    </package>
    <package name="test">
      <metrics statements="1" coveredstatements="1" conditionals="0" coveredconditionals="0" methods="1" coveredmethods="1"/>
      <file name="sum.js" path="C:\POC\Namaste React\namaste_react\src\test\sum.js">
        <metrics statements="1" coveredstatements="1" conditionals="0" coveredconditionals="0" methods="1" coveredmethods="1"/>
        <line num="1" count="1" type="stmt"/>
      </file>
    </package>
    <package name="utils">
      <metrics statements="14" coveredstatements="12" conditionals="0" coveredconditionals="0" methods="6" coveredmethods="2"/>
      <file name="appStore.js" path="C:\POC\Namaste React\namaste_react\src\utils\appStore.js">
        <metrics statements="1" coveredstatements="1" conditionals="0" coveredconditionals="0" methods="0" coveredmethods="0"/>
        <line num="4" count="1" type="stmt"/>
      </file>
      <file name="cartSlice.js" path="C:\POC\Namaste React\namaste_react\src\utils\cartSlice.js">
        <metrics statements="4" coveredstatements="2" conditionals="0" coveredconditionals="0" methods="2" coveredmethods="0"/>
        <line num="3" count="1" type="stmt"/>
        <line num="10" count="0" type="stmt"/>
        <line num="13" count="0" type="stmt"/>
        <line num="18" count="1" type="stmt"/>
      </file>
      <file name="constants.js" path="C:\POC\Namaste React\namaste_react\src\utils\constants.js">
        <metrics statements="3" coveredstatements="3" conditionals="0" coveredconditionals="0" methods="0" coveredmethods="0"/>
        <line num="1" count="2" type="stmt"/>
        <line num="85" count="2" type="stmt"/>
        <line num="135" count="2" type="stmt"/>
      </file>
      <file name="useOnlineStatus.js" path="C:\POC\Namaste React\namaste_react\src\utils\useOnlineStatus.js">
        <metrics statements="6" coveredstatements="6" conditionals="0" coveredconditionals="0" methods="4" coveredmethods="2"/>
        <line num="3" count="2" type="stmt"/>
        <line num="4" count="7" type="stmt"/>
        <line num="6" count="7" type="stmt"/>
        <line num="7" count="3" type="stmt"/>
        <line num="8" count="3" type="stmt"/>
        <line num="11" count="7" type="stmt"/>
      </file>
    </package>
  </project>
</coverage>
