{"C:\\POC\\Namaste React\\namaste_react\\src\\components\\Body.jsx": {"path":"C:\\POC\\Namaste React\\namaste_react\\src\\components\\Body.jsx","statementMap":{"0":{"start":{"line":7,"column":20},"end":{"line":110,"column":1}},"1":{"start":{"line":8,"column":50},"end":{"line":8,"column":62}},"2":{"start":{"line":9,"column":56},"end":{"line":9,"column":68}},"3":{"start":{"line":10,"column":38},"end":{"line":10,"column":50}},"4":{"start":{"line":12,"column":23},"end":{"line":12,"column":40}},"5":{"start":{"line":14,"column":33},"end":{"line":14,"column":66}},"6":{"start":{"line":16,"column":2},"end":{"line":22,"column":9}},"7":{"start":{"line":18,"column":4},"end":{"line":18,"column":16}},"8":{"start":{"line":24,"column":20},"end":{"line":32,"column":3}},"9":{"start":{"line":25,"column":4},"end":{"line":31,"column":5}},"10":{"start":{"line":26,"column":33},"end":{"line":26,"column":67}},"11":{"start":{"line":27,"column":6},"end":{"line":27,"column":42}},"12":{"start":{"line":28,"column":6},"end":{"line":28,"column":45}},"13":{"start":{"line":30,"column":6},"end":{"line":30,"column":62}},"14":{"start":{"line":34,"column":23},"end":{"line":38,"column":3}},"15":{"start":{"line":35,"column":4},"end":{"line":37,"column":6}},"16":{"start":{"line":36,"column":40},"end":{"line":36,"column":57}},"17":{"start":{"line":40,"column":28},"end":{"line":46,"column":3}},"18":{"start":{"line":41,"column":4},"end":{"line":45,"column":6}},"19":{"start":{"line":43,"column":8},"end":{"line":43,"column":69}},"20":{"start":{"line":48,"column":2},"end":{"line":55,"column":3}},"21":{"start":{"line":49,"column":4},"end":{"line":54,"column":6}},"22":{"start":{"line":57,"column":2},"end":{"line":109,"column":4}},"23":{"start":{"line":65,"column":29},"end":{"line":65,"column":58}},"24":{"start":{"line":84,"column":12},"end":{"line":102,"column":19}}},"fnMap":{"0":{"name":"(anonymous_0)","decl":{"start":{"line":7,"column":20},"end":{"line":7,"column":21}},"loc":{"start":{"line":7,"column":26},"end":{"line":110,"column":1}},"line":7},"1":{"name":"(anonymous_1)","decl":{"start":{"line":16,"column":12},"end":{"line":16,"column":13}},"loc":{"start":{"line":16,"column":18},"end":{"line":22,"column":3}},"line":16},"2":{"name":"(anonymous_2)","decl":{"start":{"line":24,"column":20},"end":{"line":24,"column":21}},"loc":{"start":{"line":24,"column":32},"end":{"line":32,"column":3}},"line":24},"3":{"name":"(anonymous_3)","decl":{"start":{"line":34,"column":23},"end":{"line":34,"column":24}},"loc":{"start":{"line":34,"column":29},"end":{"line":38,"column":3}},"line":34},"4":{"name":"(anonymous_4)","decl":{"start":{"line":36,"column":30},"end":{"line":36,"column":31}},"loc":{"start":{"line":36,"column":40},"end":{"line":36,"column":57}},"line":36},"5":{"name":"(anonymous_5)","decl":{"start":{"line":40,"column":28},"end":{"line":40,"column":29}},"loc":{"start":{"line":40,"column":34},"end":{"line":46,"column":3}},"line":40},"6":{"name":"(anonymous_6)","decl":{"start":{"line":42,"column":30},"end":{"line":42,"column":31}},"loc":{"start":{"line":43,"column":8},"end":{"line":43,"column":69}},"line":43},"7":{"name":"(anonymous_7)","decl":{"start":{"line":65,"column":22},"end":{"line":65,"column":23}},"loc":{"start":{"line":65,"column":29},"end":{"line":65,"column":58}},"line":65},"8":{"name":"(anonymous_8)","decl":{"start":{"line":83,"column":35},"end":{"line":83,"column":36}},"loc":{"start":{"line":84,"column":12},"end":{"line":102,"column":19}},"line":84}},"branchMap":{"0":{"loc":{"start":{"line":48,"column":2},"end":{"line":55,"column":3}},"type":"if","locations":[{"start":{"line":48,"column":2},"end":{"line":55,"column":3}},{"start":{},"end":{}}],"line":48},"1":{"loc":{"start":{"line":81,"column":7},"end":{"line":107,"column":7}},"type":"cond-expr","locations":[{"start":{"line":82,"column":8},"end":{"line":104,"column":14}},{"start":{"line":106,"column":8},"end":{"line":106,"column":19}}],"line":81},"2":{"loc":{"start":{"line":85,"column":15},"end":{"line":101,"column":15}},"type":"cond-expr","locations":[{"start":{"line":86,"column":16},"end":{"line":92,"column":18}},{"start":{"line":94,"column":16},"end":{"line":100,"column":18}}],"line":85}},"s":{"0":1,"1":4,"2":4,"3":4,"4":4,"5":4,"6":4,"7":1,"8":4,"9":1,"10":1,"11":1,"12":1,"13":0,"14":4,"15":0,"16":0,"17":4,"18":1,"19":10,"20":4,"21":0,"22":4,"23":1,"24":21},"f":{"0":4,"1":1,"2":1,"3":0,"4":0,"5":1,"6":10,"7":1,"8":21},"b":{"0":[0,4],"1":[4,0],"2":[5,16]},"_coverageSchema":"1a1c01bbd47fc00a2c39e90264f33305004495a9","hash":"9756191cabfd65f14611c99b55bada6a47f45265"}
,"C:\\POC\\Namaste React\\namaste_react\\src\\components\\Contact.jsx": {"path":"C:\\POC\\Namaste React\\namaste_react\\src\\components\\Contact.jsx","statementMap":{"0":{"start":{"line":4,"column":2},"end":{"line":8,"column":4}}},"fnMap":{"0":{"name":"Contact","decl":{"start":{"line":3,"column":9},"end":{"line":3,"column":16}},"loc":{"start":{"line":3,"column":19},"end":{"line":9,"column":1}},"line":3}},"branchMap":{},"s":{"0":1},"f":{"0":1},"b":{},"_coverageSchema":"1a1c01bbd47fc00a2c39e90264f33305004495a9","hash":"d396659196abd36b29e35c87654d903dba09d51d"}
,"C:\\POC\\Namaste React\\namaste_react\\src\\components\\Header.jsx": {"path":"C:\\POC\\Namaste React\\namaste_react\\src\\components\\Header.jsx","statementMap":{"0":{"start":{"line":7,"column":22},"end":{"line":52,"column":1}},"1":{"start":{"line":8,"column":32},"end":{"line":8,"column":42}},"2":{"start":{"line":9,"column":23},"end":{"line":9,"column":40}},"3":{"start":{"line":11,"column":20},"end":{"line":11,"column":60}},"4":{"start":{"line":11,"column":43},"end":{"line":11,"column":59}},"5":{"start":{"line":13,"column":2},"end":{"line":51,"column":4}},"6":{"start":{"line":44,"column":27},"end":{"line":44,"column":47}}},"fnMap":{"0":{"name":"(anonymous_0)","decl":{"start":{"line":7,"column":22},"end":{"line":7,"column":23}},"loc":{"start":{"line":7,"column":28},"end":{"line":52,"column":1}},"line":7},"1":{"name":"(anonymous_1)","decl":{"start":{"line":11,"column":32},"end":{"line":11,"column":33}},"loc":{"start":{"line":11,"column":43},"end":{"line":11,"column":59}},"line":11},"2":{"name":"(anonymous_2)","decl":{"start":{"line":44,"column":21},"end":{"line":44,"column":22}},"loc":{"start":{"line":44,"column":27},"end":{"line":44,"column":47}},"line":44}},"branchMap":{"0":{"loc":{"start":{"line":22,"column":14},"end":{"line":22,"column":58}},"type":"cond-expr","locations":[{"start":{"line":22,"column":29},"end":{"line":22,"column":43}},{"start":{"line":22,"column":46},"end":{"line":22,"column":58}}],"line":22},"1":{"loc":{"start":{"line":25,"column":13},"end":{"line":25,"column":48}},"type":"cond-expr","locations":[{"start":{"line":25,"column":28},"end":{"line":25,"column":36}},{"start":{"line":25,"column":39},"end":{"line":25,"column":48}}],"line":25},"2":{"loc":{"start":{"line":46,"column":13},"end":{"line":46,"column":43}},"type":"cond-expr","locations":[{"start":{"line":46,"column":23},"end":{"line":46,"column":32}},{"start":{"line":46,"column":35},"end":{"line":46,"column":43}}],"line":46}},"s":{"0":1,"1":3,"2":3,"3":3,"4":5,"5":3,"6":1},"f":{"0":3,"1":5,"2":1},"b":{"0":[3,0],"1":[3,0],"2":[1,2]},"_coverageSchema":"1a1c01bbd47fc00a2c39e90264f33305004495a9","hash":"f01c7d5df02cdf4a2175cd7e283cae00e9acc67f"}
,"C:\\POC\\Namaste React\\namaste_react\\src\\components\\RestaurantCard.jsx": {"path":"C:\\POC\\Namaste React\\namaste_react\\src\\components\\RestaurantCard.jsx","statementMap":{"0":{"start":{"line":3,"column":23},"end":{"line":26,"column":1}},"1":{"start":{"line":10,"column":2},"end":{"line":25,"column":4}},"2":{"start":{"line":28,"column":33},"end":{"line":45,"column":1}},"3":{"start":{"line":29,"column":2},"end":{"line":44,"column":4}},"4":{"start":{"line":30,"column":4},"end":{"line":43,"column":6}}},"fnMap":{"0":{"name":"(anonymous_0)","decl":{"start":{"line":3,"column":23},"end":{"line":3,"column":24}},"loc":{"start":{"line":9,"column":6},"end":{"line":26,"column":1}},"line":9},"1":{"name":"(anonymous_1)","decl":{"start":{"line":28,"column":33},"end":{"line":28,"column":34}},"loc":{"start":{"line":28,"column":53},"end":{"line":45,"column":1}},"line":28},"2":{"name":"(anonymous_2)","decl":{"start":{"line":29,"column":9},"end":{"line":29,"column":10}},"loc":{"start":{"line":29,"column":67},"end":{"line":44,"column":3}},"line":29}},"branchMap":{},"s":{"0":2,"1":22,"2":2,"3":4,"4":5},"f":{"0":22,"1":4,"2":5},"b":{},"_coverageSchema":"1a1c01bbd47fc00a2c39e90264f33305004495a9","hash":"ac355d66ab42f43a467437ac13595f3d141c1d6b"}
,"C:\\POC\\Namaste React\\namaste_react\\src\\components\\Shimmer.js": {"path":"C:\\POC\\Namaste React\\namaste_react\\src\\components\\Shimmer.js","statementMap":{"0":{"start":{"line":3,"column":23},"end":{"line":13,"column":1}},"1":{"start":{"line":4,"column":2},"end":{"line":12,"column":4}}},"fnMap":{"0":{"name":"(anonymous_0)","decl":{"start":{"line":3,"column":23},"end":{"line":3,"column":24}},"loc":{"start":{"line":3,"column":29},"end":{"line":13,"column":1}},"line":3}},"branchMap":{},"s":{"0":1,"1":0},"f":{"0":0},"b":{},"_coverageSchema":"1a1c01bbd47fc00a2c39e90264f33305004495a9","hash":"10a4cbf6086034f71dadd95997b426d912ec49fa"}
,"C:\\POC\\Namaste React\\namaste_react\\src\\test\\sum.js": {"path":"C:\\POC\\Namaste React\\namaste_react\\src\\test\\sum.js","statementMap":{"0":{"start":{"line":1,"column":19},"end":{"line":1,"column":34}},"1":{"start":{"line":1,"column":29},"end":{"line":1,"column":34}}},"fnMap":{"0":{"name":"(anonymous_0)","decl":{"start":{"line":1,"column":19},"end":{"line":1,"column":20}},"loc":{"start":{"line":1,"column":29},"end":{"line":1,"column":34}},"line":1}},"branchMap":{},"s":{"0":1,"1":1},"f":{"0":1},"b":{},"_coverageSchema":"1a1c01bbd47fc00a2c39e90264f33305004495a9","hash":"7290c6dfd03ee7c6bb9a4d262128ed1ec53ed0e7"}
,"C:\\POC\\Namaste React\\namaste_react\\src\\utils\\appStore.js": {"path":"C:\\POC\\Namaste React\\namaste_react\\src\\utils\\appStore.js","statementMap":{"0":{"start":{"line":4,"column":17},"end":{"line":4,"column":67}}},"fnMap":{},"branchMap":{},"s":{"0":1},"f":{},"b":{},"_coverageSchema":"1a1c01bbd47fc00a2c39e90264f33305004495a9","hash":"fdab132f962f7e71f8a86ea4abf3453f229abc91"}
,"C:\\POC\\Namaste React\\namaste_react\\src\\utils\\cartSlice.js": {"path":"C:\\POC\\Namaste React\\namaste_react\\src\\utils\\cartSlice.js","statementMap":{"0":{"start":{"line":3,"column":18},"end":{"line":16,"column":2}},"1":{"start":{"line":10,"column":6},"end":{"line":10,"column":39}},"2":{"start":{"line":13,"column":6},"end":{"line":13,"column":23}},"3":{"start":{"line":18,"column":39},"end":{"line":18,"column":56}}},"fnMap":{"0":{"name":"(anonymous_0)","decl":{"start":{"line":9,"column":14},"end":{"line":9,"column":15}},"loc":{"start":{"line":9,"column":33},"end":{"line":11,"column":5}},"line":9},"1":{"name":"(anonymous_1)","decl":{"start":{"line":12,"column":15},"end":{"line":12,"column":16}},"loc":{"start":{"line":12,"column":26},"end":{"line":14,"column":5}},"line":12}},"branchMap":{},"s":{"0":1,"1":0,"2":0,"3":1},"f":{"0":0,"1":0},"b":{},"_coverageSchema":"1a1c01bbd47fc00a2c39e90264f33305004495a9","hash":"9938926150909f6a1a2d7e89cb91837ed2e71ed3"}
,"C:\\POC\\Namaste React\\namaste_react\\src\\utils\\constants.js": {"path":"C:\\POC\\Namaste React\\namaste_react\\src\\utils\\constants.js","statementMap":{"0":{"start":{"line":1,"column":28},"end":{"line":83,"column":1}},"1":{"start":{"line":85,"column":34},"end":{"line":132,"column":1}},"2":{"start":{"line":135,"column":2},"end":{"line":135,"column":88}}},"fnMap":{},"branchMap":{},"s":{"0":2,"1":2,"2":2},"f":{},"b":{},"_coverageSchema":"1a1c01bbd47fc00a2c39e90264f33305004495a9","hash":"08c3039c81d50157abe5a4068ebb74aef1edf556"}
,"C:\\POC\\Namaste React\\namaste_react\\src\\utils\\useOnlineStatus.js": {"path":"C:\\POC\\Namaste React\\namaste_react\\src\\utils\\useOnlineStatus.js","statementMap":{"0":{"start":{"line":3,"column":31},"end":{"line":12,"column":1}},"1":{"start":{"line":4,"column":42},"end":{"line":4,"column":56}},"2":{"start":{"line":6,"column":2},"end":{"line":9,"column":9}},"3":{"start":{"line":7,"column":4},"end":{"line":7,"column":69}},"4":{"start":{"line":7,"column":45},"end":{"line":7,"column":67}},"5":{"start":{"line":8,"column":4},"end":{"line":8,"column":67}},"6":{"start":{"line":8,"column":44},"end":{"line":8,"column":65}},"7":{"start":{"line":11,"column":2},"end":{"line":11,"column":22}}},"fnMap":{"0":{"name":"(anonymous_0)","decl":{"start":{"line":3,"column":31},"end":{"line":3,"column":32}},"loc":{"start":{"line":3,"column":37},"end":{"line":12,"column":1}},"line":3},"1":{"name":"(anonymous_1)","decl":{"start":{"line":6,"column":12},"end":{"line":6,"column":13}},"loc":{"start":{"line":6,"column":18},"end":{"line":9,"column":3}},"line":6},"2":{"name":"(anonymous_2)","decl":{"start":{"line":7,"column":39},"end":{"line":7,"column":40}},"loc":{"start":{"line":7,"column":45},"end":{"line":7,"column":67}},"line":7},"3":{"name":"(anonymous_3)","decl":{"start":{"line":8,"column":38},"end":{"line":8,"column":39}},"loc":{"start":{"line":8,"column":44},"end":{"line":8,"column":65}},"line":8}},"branchMap":{},"s":{"0":2,"1":7,"2":7,"3":3,"4":0,"5":3,"6":0,"7":7},"f":{"0":7,"1":3,"2":0,"3":0},"b":{},"_coverageSchema":"1a1c01bbd47fc00a2c39e90264f33305004495a9","hash":"425327312302f2d3228804be9c385b61970a7d69"}
}
