TN:
SF:src\components\Body.jsx
FN:7,(anonymous_0)
FN:16,(anonymous_1)
FN:24,(anonymous_2)
FN:34,(anonymous_3)
FN:36,(anonymous_4)
FN:40,(anonymous_5)
FN:42,(anonymous_6)
FN:65,(anonymous_7)
FN:83,(anonymous_8)
FNF:9
FNH:7
FNDA:4,(anonymous_0)
FNDA:1,(anonymous_1)
FNDA:1,(anonymous_2)
FNDA:0,(anonymous_3)
FNDA:0,(anonymous_4)
FNDA:1,(anonymous_5)
FNDA:10,(anonymous_6)
FNDA:1,(anonymous_7)
FNDA:21,(anonymous_8)
DA:7,1
DA:8,4
DA:9,4
DA:10,4
DA:12,4
DA:14,4
DA:16,4
DA:18,1
DA:24,4
DA:25,1
DA:26,1
DA:27,1
DA:28,1
DA:30,0
DA:34,4
DA:35,0
DA:36,0
DA:40,4
DA:41,1
DA:43,10
DA:48,4
DA:49,0
DA:57,4
DA:65,1
DA:84,21
LF:25
LH:21
BRDA:48,0,0,0
BRDA:48,0,1,4
BRDA:81,1,0,4
BRDA:81,1,1,0
BRDA:85,2,0,5
BRDA:85,2,1,16
BRF:6
BRH:4
end_of_record
TN:
SF:src\components\Contact.jsx
FN:3,Contact
FNF:1
FNH:1
FNDA:1,Contact
DA:4,1
LF:1
LH:1
BRF:0
BRH:0
end_of_record
TN:
SF:src\components\Header.jsx
FN:7,(anonymous_0)
FN:11,(anonymous_1)
FN:44,(anonymous_2)
FNF:3
FNH:3
FNDA:3,(anonymous_0)
FNDA:5,(anonymous_1)
FNDA:1,(anonymous_2)
DA:7,1
DA:8,3
DA:9,3
DA:11,5
DA:13,3
DA:44,1
LF:6
LH:6
BRDA:22,0,0,3
BRDA:22,0,1,0
BRDA:25,1,0,3
BRDA:25,1,1,0
BRDA:46,2,0,1
BRDA:46,2,1,2
BRF:6
BRH:4
end_of_record
TN:
SF:src\components\RestaurantCard.jsx
FN:3,(anonymous_0)
FN:28,(anonymous_1)
FN:29,(anonymous_2)
FNF:3
FNH:3
FNDA:22,(anonymous_0)
FNDA:4,(anonymous_1)
FNDA:5,(anonymous_2)
DA:3,2
DA:10,22
DA:28,2
DA:29,4
DA:30,5
LF:5
LH:5
BRF:0
BRH:0
end_of_record
TN:
SF:src\components\Shimmer.js
FN:3,(anonymous_0)
FNF:1
FNH:0
FNDA:0,(anonymous_0)
DA:3,1
DA:4,0
LF:2
LH:1
BRF:0
BRH:0
end_of_record
TN:
SF:src\test\sum.js
FN:1,(anonymous_0)
FNF:1
FNH:1
FNDA:1,(anonymous_0)
DA:1,1
LF:1
LH:1
BRF:0
BRH:0
end_of_record
TN:
SF:src\utils\appStore.js
FNF:0
FNH:0
DA:4,1
LF:1
LH:1
BRF:0
BRH:0
end_of_record
TN:
SF:src\utils\cartSlice.js
FN:9,(anonymous_0)
FN:12,(anonymous_1)
FNF:2
FNH:0
FNDA:0,(anonymous_0)
FNDA:0,(anonymous_1)
DA:3,1
DA:10,0
DA:13,0
DA:18,1
LF:4
LH:2
BRF:0
BRH:0
end_of_record
TN:
SF:src\utils\constants.js
FNF:0
FNH:0
DA:1,2
DA:85,2
DA:135,2
LF:3
LH:3
BRF:0
BRH:0
end_of_record
TN:
SF:src\utils\useOnlineStatus.js
FN:3,(anonymous_0)
FN:6,(anonymous_1)
FN:7,(anonymous_2)
FN:8,(anonymous_3)
FNF:4
FNH:2
FNDA:7,(anonymous_0)
FNDA:3,(anonymous_1)
FNDA:0,(anonymous_2)
FNDA:0,(anonymous_3)
DA:3,2
DA:4,7
DA:6,7
DA:7,3
DA:8,3
DA:11,7
LF:6
LH:6
BRF:0
BRH:0
end_of_record
